<?xml version="1.0" encoding="UTF-8"?>
<!-- Generated by org.testng.reporters.JUnitXMLReporter -->
<testsuite ignored="2" hostname="KANINI-LTP-844" failures="0" tests="2" name="Regression" time="0.045" errors="0" timestamp="2024-07-31T15:08:28 IST">
  <testcase classname="TestNGajanan.TestNgSecondClass" name="MySecondClass" time="0.007"/>
  <testcase classname="TestNGajanan.TestNgFirstClass" name="demo1" time="0.001"/>
  <testcase classname="SeleniumCode.Test1" name="Test12" time="0.0">
    <ignored/>
  </testcase> <!-- Test12 -->
  <testcase classname="SeleniumCode.timepss" name="TEst" time="0.0">
    <ignored/>
  </testcase> <!-- TEst -->
</testsuite> <!-- Regression -->
