<?xml version="1.0" encoding="UTF-8"?>
<!-- Generated by org.testng.reporters.JUnitXMLReporter -->
<testsuite ignored="1" hostname="KANINI-LTP-844" failures="0" tests="4" name="Test" time="0.041" errors="0" timestamp="2024-08-01T14:42:32 IST">
  <testcase classname="SeleniumCode.Test1" name="Test12" time="0.009"/>
  <testcase classname="SeleniumCode.timepss" name="TEst" time="0.008"/>
  <testcase classname="TestNGajanan.TestNgSecondClass" name="MySecondClass1" time="0.008"/>
  <testcase classname="TestNGajanan.TestNgFirstClass" name="demo1" time="0.009"/>
  <testcase classname="TestNGajanan.TestNgSecondClass" name="MySecondClass2" time="0.0">
    <failure type="org.testng.TestNGException" message="
Parameter &amp;apos;URL&amp;apos; is required by @Test on method MySecondClass2 but has not been marked @Optional or defined
in C:\Users\GajananVilasBhange\eclipse-workspace\SelenuimGajanan\Parallel.xml">
      <![CDATA[org.testng.TestNGException: 
Parameter 'URL' is required by @Test on method MySecondClass2 but has not been marked @Optional or defined
in C:\Users\GajananVilasBhange\eclipse-workspace\SelenuimGajanan\Parallel.xml
at java.base/java.util.concurrent.Executors$RunnableAdapter.call(Executors.java:572)
at java.base/java.util.concurrent.FutureTask.run(FutureTask.java:317)
at java.base/java.util.concurrent.ThreadPoolExecutor.runWorker(ThreadPoolExecutor.java:1144)
at java.base/java.util.concurrent.ThreadPoolExecutor$Worker.run(ThreadPoolExecutor.java:642)
at java.base/java.lang.Thread.run(Thread.java:1583)
... Removed 12 stack frames]]>
    </failure>
  </testcase> <!-- MySecondClass2 -->
  <testcase classname="TestNGajanan.TestNgFirstClass" name="xyz" time="0.0">
    <failure type="org.testng.TestNGException" message="
Parameter &amp;apos;URL&amp;apos; is required by @Test on method xyz but has not been marked @Optional or defined
in C:\Users\GajananVilasBhange\eclipse-workspace\SelenuimGajanan\Parallel.xml">
      <![CDATA[org.testng.TestNGException: 
Parameter 'URL' is required by @Test on method xyz but has not been marked @Optional or defined
in C:\Users\GajananVilasBhange\eclipse-workspace\SelenuimGajanan\Parallel.xml
at java.base/java.util.concurrent.Executors$RunnableAdapter.call(Executors.java:572)
at java.base/java.util.concurrent.FutureTask.run(FutureTask.java:317)
at java.base/java.util.concurrent.ThreadPoolExecutor.runWorker(ThreadPoolExecutor.java:1144)
at java.base/java.util.concurrent.ThreadPoolExecutor$Worker.run(ThreadPoolExecutor.java:642)
at java.base/java.lang.Thread.run(Thread.java:1583)
... Removed 12 stack frames]]>
    </failure>
  </testcase> <!-- xyz -->
  <testcase classname="TestNGajanan.TestNgFirstClass" name="demo2" time="0.0">
    <ignored/>
  </testcase> <!-- demo2 -->
</testsuite> <!-- Test -->
