<?xml version="1.0" encoding="UTF-8"?>
<testng-results ignored="0" total="1" passed="1" failed="0" skipped="0">
  <reporter-output>
  </reporter-output>
  <suite started-at="2024-08-01T19:37:06 IST" name="Default suite" finished-at="2024-08-01T19:37:06 IST" duration-ms="47">
    <groups>
    </groups>
    <test started-at="2024-08-01T19:37:06 IST" name="Default test" finished-at="2024-08-01T19:37:06 IST" duration-ms="47">
      <class name="OopsBasics.Constructor2">
        <test-method signature="RunCalc()[pri:0, instance:OopsBasics.Constructor2@57a3af25]" started-at="2024-08-01T19:37:06 IST" name="RunCalc" finished-at="2024-08-01T19:37:06 IST" duration-ms="16" status="PASS">
          <reporter-output>
          </reporter-output>
        </test-method> <!-- RunCalc -->
      </class> <!-- OopsBasics.Constructor2 -->
    </test> <!-- Default test -->
  </suite> <!-- Default suite -->
</testng-results>
